            --------------------------------------------------------
                             AMBER SQM VERSION 19
 
                                     By
              Ross C. Walker, Michael F. Crowley, Scott Brozell,
                         Tim Giese, Andreas W. Goetz,
                        Tai-Sung Lee and David A. Case
 
            --------------------------------------------------------
 

--------------------------------------------------------------------------------
  QM CALCULATION INFO
--------------------------------------------------------------------------------

| QMMM: Citation for AMBER QMMM Run:
| QMMM: R.C. Walker, M.F. Crowley and D.A. Case, J. COMP. CHEM. 29:1019, 2008

QMMM: SINGLET STATE CALCULATION
QMMM: RHF CALCULATION, NO. OF DOUBLY OCCUPIED LEVELS =435

| QMMM: *** Selected Hamiltonian *** 
| QMMM: AM1         

| QMMM: *** Parameter sets in use ***
| QMMM: O : M.J.S.DEWAR et al. JACS, 107, 3902, (1985)
| QMMM: C : M.J.S.DEWAR et al. JACS, 107, 3902, (1985)
| QMMM: N : M.J.S.DEWAR et al. JACS, 107, 3902, (1985)
| QMMM: H : M.J.S.DEWAR et al. JACS, 107, 3902, (1985)

| QMMM: *** SCF convergence criteria ***
| QMMM: Energy change                :  0.1D-09 kcal/mol
| QMMM: Error matrix |FP-PF|         :  0.1D+00 au
| QMMM: Density matrix change        :  0.5D-06
| QMMM: Maximum number of SCF cycles :     1000

| QMMM: *** Diagonalization Routine Information ***
| QMMM: Pseudo diagonalizations are allowed.
| QMMM: Auto diagonalization routine selection is in use.
| QMMM:
| QMMM: Timing diagonalization routines:
| QMMM:                              norbs =      759
| QMMM:    diag iterations used for timing =        1
| QMMM:
| QMMM:              Internal diag routine = 0.255462 seconds
| QMMM:                 Dspev diag routine = 0.093879 seconds
| QMMM:                Dspevd diag routine = 0.028731 seconds
| QMMM:                Dspevx diag routine = 0.157603 seconds
| QMMM:                 Dsyev diag routine = 0.036647 seconds
| QMMM:                Dsyevd diag routine = 0.013313 seconds
| QMMM:                Dsyevr diag routine = 0.036942 seconds
| QMMM:
| QMMM:                Pseudo diag routine = 0.146253 seconds
| QMMM: Pseudo diagonalization appears to be slower than regular
| QMMM: diagonalization. Setting pseudo_diag=0 for optimum performance.
| QMMM:
| QMMM: Using dsyevd routine (diag_routine=6).

  QMMM: QM Region Cartesian Coordinates (*=link atom) 
  QMMM: QM_NO.   MM_NO.  ATOM         X         Y         Z
  QMMM:     1        1      O        2.6490    0.9640    0.0000
  QMMM:     2        2      C        1.5000    0.0000    0.0000
  QMMM:     3        3      O        0.7500   -1.2990    0.0000
  QMMM:     4        4      C       -0.7500   -1.2990    0.0000
  QMMM:     5        5      C       -0.4890   -2.7760    0.0000
  QMMM:     6        6      C       -0.2290   -4.2530    0.0000
  QMMM:     7        7      O        0.0310   -5.7310    0.0000
  QMMM:     8        8      C       -1.1180   -6.6950    0.0000
  QMMM:     9        9      C       -2.2670   -7.6590    0.0000
  QMMM:    10       10      O       -3.4160   -8.6230    0.0000
  QMMM:    11       11      C       -3.1550  -10.1000    0.0000
  QMMM:    12       12      O       -2.8950  -11.5780    0.0000
  QMMM:    13       13      C       -1.4850  -12.0910    0.0000
  QMMM:    14       14      C       -0.0760  -12.6040    0.0000
  QMMM:    15       15      O        1.3340  -13.1170    0.0000
  QMMM:    16       16      C        1.5940  -14.5940    0.0000
  QMMM:    17       17      O        1.8550  -16.0710    0.0000
  QMMM:    18       18      C        0.7060  -17.0350    0.0000
  QMMM:    19       19      C       -0.4430  -18.0000    0.0000
  QMMM:    20       20      O       -1.5930  -18.9640    0.0000
  QMMM:    21       21      C       -1.3320  -20.4410    0.0000
  QMMM:    22       22      O       -1.0710  -21.9180    0.0000
  QMMM:    23       23      C        0.3380  -22.4310    0.0000
  QMMM:    24       24      C        1.7480  -22.9440    0.0000
  QMMM:    25       25      O        3.1570  -23.4570    0.0000
  QMMM:    26       26      C        3.4180  -24.9340    0.0000
  QMMM:    27       27      O        3.6780  -26.4120    0.0000
  QMMM:    28       28      C        2.5290  -27.3760    0.0000
  QMMM:    29       29      C        1.3800  -28.3400    0.0000
  QMMM:    30       30      O        0.2310  -29.3040    0.0000
  QMMM:    31       31      C        0.4910  -30.7810    0.0000
  QMMM:    32       32      O        0.7520  -32.2590    0.0000
  QMMM:    33       33      C        2.1610  -32.7720    0.0000
  QMMM:    34       34      C        3.5710  -33.2850    0.0000
  QMMM:    35       35      O        4.9800  -33.7980    0.0000
  QMMM:    36       36      C        5.2410  -35.2750    0.0000
  QMMM:    37       37      C        5.5010  -36.7520    0.0000
  QMMM:    38       38      C        6.8490  -37.4100    0.0000
  QMMM:    39       39      N        6.6410  -38.8950    0.0000
  QMMM:    40       40      C        7.7200  -39.9370    0.0000
  QMMM:    41       41      C        8.7990  -40.9790    0.0000
  QMMM:    42       42      C        8.4360  -42.4340    0.0000
  QMMM:    43       43      C        9.5150  -43.4770    0.0000
  QMMM:    44       44      C        9.1520  -44.9320    0.0000
  QMMM:    45       45      N        8.7890  -46.3870    0.0000
  QMMM:    46       46      C        9.7530  -47.5360    0.0000
  QMMM:    47       47      C        8.9580  -48.8090    0.0000
  QMMM:    48       48      C        9.5200  -50.1990    0.0000
  QMMM:    49       49      O       10.0820  -51.5900    0.0000
  QMMM:    50       50      C       11.5680  -51.7990    0.0000
  QMMM:    51       51      C       13.0530  -52.0080    0.0000
  QMMM:    52       52      O       14.5390  -52.2160    0.0000
  QMMM:    53       53      C       15.1000  -53.6070    0.0000
  QMMM:    54       54      O       15.6620  -54.9980    0.0000
  QMMM:    55       55      C       14.7390  -56.1800    0.0000
  QMMM:    56       56      C       13.8150  -57.3620    0.0000
  QMMM:    57       57      O       12.8920  -58.5440    0.0000
  QMMM:    58       58      C       13.4540  -59.9350    0.0000
  QMMM:    59       59      O       14.0160  -61.3250    0.0000
  QMMM:    60       60      C       15.5010  -61.5340    0.0000
  QMMM:    61       61      C       16.9860  -61.7430    0.0000
  QMMM:    62       62      O       18.4720  -61.9520    0.0000
  QMMM:    63       63      C       19.0340  -63.3430    0.0000
  QMMM:    64       64      O       19.5960  -64.7330    0.0000
  QMMM:    65       65      C       18.6720  -65.9150    0.0000
  QMMM:    66       66      C       17.7490  -67.0970    0.0000
  QMMM:    67       67      O       16.8250  -68.2790    0.0000
  QMMM:    68       68      C       17.3870  -69.6700    0.0000
  QMMM:    69       69      O       17.9490  -71.0610    0.0000
  QMMM:    70       70      C       19.4340  -71.2700    0.0000
  QMMM:    71       71      C       20.9200  -71.4780    0.0000
  QMMM:    72       72      O       22.4050  -71.6870    0.0000
  QMMM:    73       73      C       22.9670  -73.0780    0.0000
  QMMM:    74       74      O       23.5290  -74.4690    0.0000
  QMMM:    75       75      C       22.6050  -75.6510    0.0000
  QMMM:    76       76      C       21.6820  -76.8330    0.0000
  QMMM:    77       77      O       20.7590  -78.0150    0.0000
  QMMM:    78       78      C       21.3200  -79.4060    0.0000
  QMMM:    79       79      C       21.8820  -80.7960    0.0000
  QMMM:    80       80      C       22.4440  -82.1870    0.0000
  QMMM:    81       81      O       20.9770  -82.4990    0.0000
  QMMM:    82       82      C       20.5140  -83.9260    0.0000
  QMMM:    83       83      O       19.5900  -85.1080    0.0000
  QMMM:    84       84      C       21.5170  -85.0400    0.0000
  QMMM:    85       85      O       22.0790  -86.4310    0.0000
  QMMM:    86       86      C       22.9850  -84.7280    0.0000
  QMMM:    87       87      O       24.4700  -84.9370    0.0000
  QMMM:    88       88      C       23.4480  -83.3020    0.0000
  QMMM:    89       89      O       24.3720  -82.1200    0.0000
  QMMM:    90       90      N        7.5030  -48.4460    0.0000
  QMMM:    91       91      N        7.3980  -46.9490    0.0000
  QMMM:    92       92      C       10.9570  -43.0630    0.0000
  QMMM:    93       93      C       11.3200  -41.6080    0.0000
  QMMM:    94       94      C       12.7620  -41.1940    0.0000
  QMMM:    95       95      N       14.2040  -40.7810    0.0000
  QMMM:    96       96      C       14.7160  -39.3710    0.0000
  QMMM:    97       97      C       16.2160  -39.4230    0.0000
  QMMM:    98       98      C       17.1390  -38.2420    0.0000
  QMMM:    99       99      O       18.0630  -37.0590    0.0000
  QMMM:   100      100      C       17.5010  -35.6690    0.0000
  QMMM:   101      101      C       16.9390  -34.2780    0.0000
  QMMM:   102      102      O       16.3770  -32.8870    0.0000
  QMMM:   103      103      C       17.3000  -31.7050    0.0000
  QMMM:   104      104      O       18.2240  -30.5230    0.0000
  QMMM:   105      105      C       19.7090  -30.7320    0.0000
  QMMM:   106      106      C       21.1950  -30.9410    0.0000
  QMMM:   107      107      O       22.6800  -31.1490    0.0000
  QMMM:   108      108      C       23.6040  -29.9670    0.0000
  QMMM:   109      109      O       24.5270  -28.7850    0.0000
  QMMM:   110      110      C       23.9650  -27.3950    0.0000
  QMMM:   111      111      C       23.4030  -26.0040    0.0000
  QMMM:   112      112      O       22.8410  -24.6130    0.0000
  QMMM:   113      113      C       23.7650  -23.4310    0.0000
  QMMM:   114      114      O       24.6880  -22.2490    0.0000
  QMMM:   115      115      C       26.1740  -22.4580    0.0000
  QMMM:   116      116      C       27.6590  -22.6660    0.0000
  QMMM:   117      117      O       29.1450  -22.8750    0.0000
  QMMM:   118      118      C       30.0680  -21.6930    0.0000
  QMMM:   119      119      O       30.9910  -20.5110    0.0000
  QMMM:   120      120      C       30.4300  -19.1200    0.0000
  QMMM:   121      121      C       29.8680  -17.7300    0.0000
  QMMM:   122      122      O       29.3060  -16.3390    0.0000
  QMMM:   123      123      C       30.2290  -15.1570    0.0000
  QMMM:   124      124      O       31.1530  -13.9750    0.0000
  QMMM:   125      125      C       32.6380  -14.1840    0.0000
  QMMM:   126      126      C       34.1230  -14.3920    0.0000
  QMMM:   127      127      O       35.6090  -14.6010    0.0000
  QMMM:   128      128      C       36.5320  -13.4190    0.0000
  QMMM:   129      129      C       37.4560  -12.2370    0.0000
  QMMM:   130      130      C       38.3790  -11.0550    0.0000
  QMMM:   131      131      O       39.3830  -12.1700    0.0000
  QMMM:   132      132      C       40.8500  -11.8580    0.0000
  QMMM:   133      133      O       42.3360  -12.0670    0.0000
  QMMM:   134      134      C       41.3140  -10.4310    0.0000
  QMMM:   135      135      O       42.2370   -9.2490    0.0000
  QMMM:   136      136      C       40.3100   -9.3170    0.0000
  QMMM:   137      137      O       39.7480   -7.9260    0.0000
  QMMM:   138      138      C       38.8430   -9.6290    0.0000
  QMMM:   139      139      O       37.3580   -9.4200    0.0000
  QMMM:   140      140      N       16.6290  -40.8650    0.0000
  QMMM:   141      141      N       15.3860  -41.7040    0.0000
  QMMM:   142      142      C       10.2410  -40.5660    0.0000
  QMMM:   143      143      N        5.1640  -39.1560    0.0000
  QMMM:   144      144      N        4.4590  -37.8310    0.0000
  QMMM:   145      145      C       -1.5000    0.0000    0.0000
  QMMM:   146      146      O       -2.6490   -0.9640    0.0000
  QMMM:   147      147      C       -0.7500    1.2990    0.0000
  QMMM:   148      148      O       -2.1590    1.8120    0.0000
  QMMM:   149      149      C        0.7500    1.2990    0.0000
  QMMM:   150      150      O        0.4890    2.7760    0.0000
  QMMM:   151      151      H        4.0590    0.4510    0.0000
  QMMM:   152      152      H        2.6490   -0.9640    0.0000
  QMMM:   153      153      H       -2.1590   -1.8120    0.0000
  QMMM:   154      154      H       -1.9670   -3.0370    0.0000
  QMMM:   155      155      H        0.9880   -2.5160    0.0000
  QMMM:   156      156      H        1.2480   -3.9930    0.0000
  QMMM:   157      157      H       -1.7060   -4.5140    0.0000
  QMMM:   158      158      H       -2.0820   -5.5460    0.0000
  QMMM:   159      159      H       -0.1530   -7.8440    0.0000
  QMMM:   160      160      H       -3.2310   -6.5100    0.0000
  QMMM:   161      161      H       -1.3020   -8.8080    0.0000
  QMMM:   162      162      H       -4.6330  -10.3610    0.0000
  QMMM:   163      163      H       -1.6780   -9.8400    0.0000
  QMMM:   164      164      H       -0.9720  -10.6810    0.0000
  QMMM:   165      165      H       -1.9980  -13.5000    0.0000
  QMMM:   166      166      H        0.4370  -11.1940    0.0000
  QMMM:   167      167      H       -0.5890  -14.0130    0.0000
  QMMM:   168      168      H        3.0710  -14.3340    0.0000
  QMMM:   169      169      H        0.1170  -14.8540    0.0000
  QMMM:   170      170      H       -0.2590  -15.8860    0.0000
  QMMM:   171      171      H        1.6700  -18.1840    0.0000
  QMMM:   172      172      H       -1.4080  -16.8510    0.0000
  QMMM:   173      173      H        0.5210  -19.1490    0.0000
  QMMM:   174      174      H       -2.8090  -20.7010    0.0000
  QMMM:   175      175      H        0.1450  -20.1800    0.0000
  QMMM:   176      176      H        0.8510  -21.0220    0.0000
  QMMM:   177      177      H       -0.1750  -23.8410    0.0000
  QMMM:   178      178      H        2.2610  -21.5350    0.0000
  QMMM:   179      179      H        1.2340  -24.3540    0.0000
  QMMM:   180      180      H        4.8950  -24.6740    0.0000
  QMMM:   181      181      H        1.9400  -25.1950    0.0000
  QMMM:   182      182      H        1.5650  -26.2270    0.0000
  QMMM:   183      183      H        3.4930  -28.5250    0.0000
  QMMM:   184      184      H        0.4160  -27.1910    0.0000
  QMMM:   185      185      H        2.3440  -29.4890    0.0000
  QMMM:   186      186      H       -0.9860  -31.0420    0.0000
  QMMM:   187      187      H        1.9680  -30.5210    0.0000
  QMMM:   188      188      H        2.6740  -31.3620    0.0000
  QMMM:   189      189      H        1.6480  -34.1810    0.0000
  QMMM:   190      190      H        4.0840  -31.8750    0.0000
  QMMM:   191      191      H        3.0580  -34.6940    0.0000
  QMMM:   192      192      H        3.7640  -35.5350    0.0000
  QMMM:   193      193      H        6.7180  -35.0140    0.0000
  QMMM:   194      194      H        8.1740  -36.7060    0.0000
  QMMM:   195      195      H        8.7620  -38.8580    0.0000
  QMMM:   196      196      H        6.6780  -41.0160    0.0000
  QMMM:   197      197      H        6.9940  -42.8480    0.0000
  QMMM:   198      198      H       10.6070  -45.2950    0.0000
  QMMM:   199      199      H        7.6970  -44.5690    0.0000
  QMMM:   200      200      H       11.2500  -47.4320    0.0000
  QMMM:   201      201      H        8.1300  -50.7610    0.0000
  QMMM:   202      202      H       10.9110  -49.6370    0.0000
  QMMM:   203      203      H       11.7760  -50.3130    0.0000
  QMMM:   204      204      H       11.3590  -53.2840    0.0000
  QMMM:   205      205      H       13.2620  -50.5220    0.0000
  QMMM:   206      206      H       12.8440  -53.4930    0.0000
  QMMM:   207      207      H       16.4910  -53.0450    0.0000
  QMMM:   208      208      H       13.7100  -54.1690    0.0000
  QMMM:   209      209      H       13.5570  -55.2560    0.0000
  QMMM:   210      210      H       15.9210  -57.1030    0.0000
  QMMM:   211      211      H       12.6330  -56.4380    0.0000
  QMMM:   212      212      H       14.9970  -58.2850    0.0000
  QMMM:   213      213      H       12.0630  -60.4970    0.0000
  QMMM:   214      214      H       14.8450  -59.3730    0.0000
  QMMM:   215      215      H       15.7100  -60.0490    0.0000
  QMMM:   216      216      H       15.2920  -63.0200    0.0000
  QMMM:   217      217      H       17.1950  -60.2580    0.0000
  QMMM:   218      218      H       16.7780  -63.2280    0.0000
  QMMM:   219      219      H       20.4240  -62.7810    0.0000
  QMMM:   220      220      H       17.6430  -63.9040    0.0000
  QMMM:   221      221      H       17.4900  -64.9920    0.0000
  QMMM:   222      222      H       19.8540  -66.8390    0.0000
  QMMM:   223      223      H       16.5670  -66.1740    0.0000
  QMMM:   224      224      H       18.9310  -68.0210    0.0000
  QMMM:   225      225      H       15.9960  -70.2320    0.0000
  QMMM:   226      226      H       18.7780  -69.1080    0.0000
  QMMM:   227      227      H       19.6430  -69.7840    0.0000
  QMMM:   228      228      H       19.2260  -72.7550    0.0000
  QMMM:   229      229      H       21.1290  -69.9930    0.0000
  QMMM:   230      230      H       20.7110  -72.9640    0.0000
  QMMM:   231      231      H       24.3580  -72.5160    0.0000
  QMMM:   232      232      H       21.5760  -73.6400    0.0000
  QMMM:   233      233      H       21.4240  -74.7270    0.0000
  QMMM:   234      234      H       23.7880  -76.5740    0.0000
  QMMM:   235      235      H       20.5000  -75.9090    0.0000
  QMMM:   236      236      H       22.8640  -77.7560    0.0000
  QMMM:   237      237      H       22.7110  -78.8440    0.0000
  QMMM:   238      238      H       19.9300  -79.9680    0.0000
  QMMM:   239      239      H       23.2730  -80.2340    0.0000
  QMMM:   240      240      H       20.4920  -81.3580    0.0000
  QMMM:   241      241      H       23.7160  -81.3920    0.0000
  QMMM:   242      242      H       19.1890  -83.2210    0.0000
  QMMM:   243      243      H       18.1050  -84.8990    0.0000
  QMMM:   244      244      H       20.2450  -85.8350    0.0000
  QMMM:   245      245      H       21.1560  -87.6130    0.0000
  QMMM:   246      246      H       23.0370  -86.2280    0.0000
  QMMM:   247      247      H       25.0320  -86.3280    0.0000
  QMMM:   248      248      H       24.7720  -84.0060    0.0000
  QMMM:   249      249      H       25.8570  -82.3290    0.0000
  QMMM:   250      250      H       12.0360  -44.1050    0.0000
  QMMM:   251      251      H       12.3480  -39.7520    0.0000
  QMMM:   252      252      H       13.1750  -42.6360    0.0000
  QMMM:   253      253      H       13.8780  -38.1280    0.0000
  QMMM:   254      254      H       18.3210  -39.1650    0.0000
  QMMM:   255      255      H       15.9570  -37.3180    0.0000
  QMMM:   256      256      H       16.1100  -36.2310    0.0000
  QMMM:   257      257      H       18.8910  -35.1070    0.0000
  QMMM:   258      258      H       15.5480  -34.8400    0.0000
  QMMM:   259      259      H       18.3290  -33.7160    0.0000
  QMMM:   260      260      H       16.1180  -30.7820    0.0000
  QMMM:   261      261      H       18.4820  -32.6290    0.0000
  QMMM:   262      262      H       19.5000  -32.2170    0.0000
  QMMM:   263      263      H       19.9180  -29.2460    0.0000
  QMMM:   264      264      H       20.9860  -32.4260    0.0000
  QMMM:   265      265      H       21.4030  -29.4550    0.0000
  QMMM:   266      266      H       24.7850  -30.8910    0.0000
  QMMM:   267      267      H       22.4220  -29.0440    0.0000
  QMMM:   268      268      H       22.5740  -27.9560    0.0000
  QMMM:   269      269      H       25.3560  -26.8330    0.0000
  QMMM:   270      270      H       22.0120  -26.5660    0.0000
  QMMM:   271      271      H       24.7940  -25.4420    0.0000
  QMMM:   272      272      H       22.5830  -22.5080    0.0000
  QMMM:   273      273      H       24.9470  -24.3550    0.0000
  QMMM:   274      274      H       25.9650  -23.9430    0.0000
  QMMM:   275      275      H       26.3820  -20.9720    0.0000
  QMMM:   276      276      H       27.4500  -24.1520    0.0000
  QMMM:   277      277      H       27.8680  -21.1810    0.0000
  QMMM:   278      278      H       31.2500  -22.6170    0.0000
  QMMM:   279      279      H       28.8860  -20.7700    0.0000
  QMMM:   280      280      H       29.0390  -19.6820    0.0000
  QMMM:   281      281      H       31.8200  -18.5580    0.0000
  QMMM:   282      282      H       28.4770  -18.2920    0.0000
  QMMM:   283      283      H       31.2580  -17.1680    0.0000
  QMMM:   284      284      H       29.0470  -14.2330    0.0000
  QMMM:   285      285      H       31.4110  -16.0800    0.0000
  QMMM:   286      286      H       32.4290  -15.6690    0.0000
  QMMM:   287      287      H       32.8470  -12.6980    0.0000
  QMMM:   288      288      H       33.9150  -15.8780    0.0000
  QMMM:   289      289      H       34.3320  -12.9070    0.0000
  QMMM:   290      290      H       35.3500  -12.4960    0.0000
  QMMM:   291      291      H       37.7140  -14.3430    0.0000
  QMMM:   292      292      H       36.2740  -11.3140    0.0000
  QMMM:   293      293      H       38.6380  -13.1610    0.0000
  QMMM:   294      294      H       37.0550  -10.3510    0.0000
  QMMM:   295      295      H       40.9030  -13.3570    0.0000
  QMMM:   296      296      H       42.8980  -13.4570    0.0000
  QMMM:   297      297      H       42.6380  -11.1360    0.0000
  QMMM:   298      298      H       43.7230   -9.4580    0.0000
  QMMM:   299      299      H       41.5820   -8.5220    0.0000
  QMMM:   300      300      H       40.6720   -6.7440    0.0000
  QMMM:   301      301      H       38.7910   -8.1290    0.0000
  QMMM:   302      302      H       36.7960   -8.0290    0.0000
  QMMM:   303      303      H       10.6040  -39.1100    0.0000
  QMMM:   304      304      H       -2.6490    0.9640    0.0000
  QMMM:   305      305      H       -4.0590   -0.4510    0.0000
  QMMM:   306      306      H       -0.4890    2.7760    0.0000
  QMMM:   307      307      H       -2.4200    3.2890    0.0000
  QMMM:   308      308      H        2.1590    1.8120    0.0000
  QMMM:   309      309      H        1.6390    3.7400    0.0000

--------------------------------------------------------------------------------
  RESULTS
--------------------------------------------------------------------------------


QMMM: ERROR!
QMMM: Unable to achieve self consistency to the tolerances specified
QMMM: No convergence in SCF after   1000 steps.
QMMM: E =  -0.8054E+07 DeltaE =  -0.3483E+02 DeltaP =   0.4771E+00
QMMM: Smallest DeltaE =  -0.7902E+00 DeltaP =   0.1569E+00 Step =    111

